<?xml version="1.0" encoding="UTF-8"?>
<!-- Generated by org.testng.reporters.JUnitReportReporter -->
<testsuite skipped="0" hostname="C365L0041447901" name="com.ortusolis.registration.IPTDemo1LM" tests="1" failures="0" timestamp="15 Jun 2018 06:45:13 GMT" time="248.618" errors="0">
  <testcase name="IPT_User_Demo" time="248.618" classname="com.ortusolis.registration.IPTDemo1LM"/>
</testsuite> <!-- com.ortusolis.registration.IPTDemo1LM -->
