<?xml version="1.0" encoding="UTF-8"?>
<!-- Generated by org.testng.reporters.JUnitReportReporter -->
<testsuite skipped="0" hostname="C365L0041447901" name="com.ortusolis.registration.IPTDemo1" tests="1" failures="0" timestamp="13 Jun 2018 06:18:23 GMT" time="22.174" errors="0">
  <testcase name="IPT_User_Demo" time="22.174" classname="com.ortusolis.registration.IPTDemo1"/>
</testsuite> <!-- com.ortusolis.registration.IPTDemo1 -->
