<?xml version="1.0" encoding="UTF-8"?>
<!-- Generated by org.testng.reporters.JUnitReportReporter -->
<testsuite skipped="0" hostname="C365L0041447901" name="com.ortusolis.registration.LMrqstAprvByAd" tests="1" failures="0" timestamp="26 Jun 2018 22:31:36 GMT" time="29.020" errors="0">
  <testcase name="LM_AdmnLog" time="29.020" classname="com.ortusolis.registration.LMrqstAprvByAd"/>
</testsuite> <!-- com.ortusolis.registration.LMrqstAprvByAd -->
