<?xml version="1.0" encoding="UTF-8"?>
<!-- Generated by org.testng.reporters.JUnitReportReporter -->
<testsuite skipped="0" hostname="C365L0041447901" name="com.ortusolis.registration.User_story_1" tests="1" failures="0" timestamp="22 May 2018 05:55:12 GMT" time="6.801" errors="0">
  <testcase name="User_Story_1_Register" time="6.801" classname="com.ortusolis.registration.User_story_1"/>
</testsuite> <!-- com.ortusolis.registration.User_story_1 -->
