<?xml version="1.0" encoding="UTF-8"?>
<!-- Generated by org.testng.reporters.JUnitReportReporter -->
<testsuite skipped="0" hostname="C365L0041447901" name="com.ortusolis.registration.ProcAdmn" tests="1" failures="0" timestamp="27 Jun 2018 06:37:12 GMT" time="19.439" errors="0">
  <testcase name="PrAdScr" time="19.439" classname="com.ortusolis.registration.ProcAdmn"/>
</testsuite> <!-- com.ortusolis.registration.ProcAdmn -->
