<?xml version="1.0" encoding="UTF-8"?>
<!-- Generated by org.testng.reporters.JUnitReportReporter -->
<testsuite skipped="0" hostname="C365L0041447901" name="com.ortusolis.registration.RegisterNewUser" tests="1" failures="0" timestamp="04 Jun 2018 05:49:02 GMT" time="16.845" errors="0">
  <testcase name="User_Story_1_Register" time="16.845" classname="com.ortusolis.registration.RegisterNewUser"/>
</testsuite> <!-- com.ortusolis.registration.RegisterNewUser -->
