<?xml version="1.0" encoding="UTF-8"?>
<!-- Generated by org.testng.reporters.JUnitReportReporter -->
<testsuite skipped="0" hostname="C365L0052573060" name="com.ortusolis.registration.LMrqstAprvByAd" tests="3" failures="0" timestamp="02 Jul 2018 07:14:45 GMT" time="51.954" errors="0">
  <testcase name="UserRegistration" time="38.394" classname="com.ortusolis.registration.LMrqstAprvByAd"/>
  <testcase name="UserLogin" time="3.131" classname="com.ortusolis.registration.LMrqstAprvByAd"/>
  <testcase name="LM_AdmnLog" time="10.429" classname="com.ortusolis.registration.LMrqstAprvByAd"/>
</testsuite> <!-- com.ortusolis.registration.LMrqstAprvByAd -->
