<?xml version="1.0" encoding="UTF-8"?>
<!-- Generated by org.testng.reporters.JUnitReportReporter -->
<testsuite skipped="0" hostname="C365L0052573060" name="com.ortusolis.registration.ProcAdmn" tests="1" failures="0" timestamp="27 Jun 2018 06:39:26 GMT" time="28.867" errors="0">
  <testcase name="PrAdScr" time="28.867" classname="com.ortusolis.registration.ProcAdmn"/>
</testsuite> <!-- com.ortusolis.registration.ProcAdmn -->
