<?xml version="1.0" encoding="UTF-8"?>
<!-- Generated by org.testng.reporters.JUnitReportReporter -->
<testsuite skipped="0" hostname="C365L0041447901" name="com.ortusolis.registration.RDLanding" tests="1" failures="0" timestamp="04 Jun 2018 05:57:06 GMT" time="8.013" errors="0">
  <testcase name="RD_SearchPage" time="8.013" classname="com.ortusolis.registration.RDLanding"/>
</testsuite> <!-- com.ortusolis.registration.RDLanding -->
