<?xml version="1.0" encoding="UTF-8"?>
<!-- Generated by org.testng.reporters.JUnitReportReporter -->
<testsuite skipped="0" hostname="C365L0041447901" name="com.ortusolis.registration.IPTDemo1" tests="1" failures="0" timestamp="04 Jun 2018 12:05:04 GMT" time="38.925" errors="0">
  <testcase name="IPT_User_Demo" time="38.925" classname="com.ortusolis.registration.IPTDemo1"/>
</testsuite> <!-- com.ortusolis.registration.IPTDemo1 -->
