<?xml version="1.0" encoding="UTF-8"?>
<!-- Generated by org.testng.reporters.JUnitReportReporter -->
<testsuite skipped="0" hostname="C365L0041447901" name="com.ortusolis.registration.ForgotPassword" tests="1" failures="0" timestamp="05 Jun 2018 10:35:22 GMT" time="12.811" errors="0">
  <testcase name="IPT_User_Login" time="12.811" classname="com.ortusolis.registration.ForgotPassword"/>
</testsuite> <!-- com.ortusolis.registration.ForgotPassword -->
