<?xml version="1.0" encoding="UTF-8"?>
<!-- Generated by org.testng.reporters.JUnitReportReporter -->
<testsuite skipped="0" hostname="C365L0041447901" name="com.ortusolis.registration.Demo" tests="1" failures="0" timestamp="06 Jun 2018 06:20:10 GMT" time="1.817" errors="0">
  <testcase name="executeBrowser" time="1.817" classname="com.ortusolis.registration.Demo"/>
</testsuite> <!-- com.ortusolis.registration.Demo -->
