<?xml version="1.0" encoding="UTF-8"?>
<!-- Generated by org.testng.reporters.JUnitReportReporter -->
<testsuite skipped="0" hostname="Home-PC" name="com.ortusolis.registration.CCA_001" tests="1" failures="0" timestamp="09 May 2018 06:34:14 GMT" time="3.271" errors="0">
  <testcase name="CCA_001_Login_Gmail" time="3.271" classname="com.ortusolis.registration.CCA_001"/>
</testsuite> <!-- com.ortusolis.registration.CCA_001 -->
