<?xml version="1.0" encoding="UTF-8"?>
<!-- Generated by org.testng.reporters.JUnitReportReporter -->
<testsuite skipped="0" hostname="C365L0041447901" name="com.ortusolis.registration.ProcAdmn" tests="1" failures="0" timestamp="19 Jun 2018 09:33:26 GMT" time="77.931" errors="0">
  <testcase name="PrAdScr" time="77.931" classname="com.ortusolis.registration.ProcAdmn"/>
</testsuite> <!-- com.ortusolis.registration.ProcAdmn -->
