<?xml version="1.0" encoding="UTF-8"?>
<!-- Generated by org.testng.reporters.JUnitReportReporter -->
<testsuite skipped="0" hostname="C365L0041447901" name="com.ortusolis.registration.IPTDemo1LM" tests="1" failures="0" timestamp="26 Jun 2018 04:43:08 GMT" time="17.920" errors="0">
  <testcase name="IPT_User_Demo" time="17.920" classname="com.ortusolis.registration.IPTDemo1LM"/>
</testsuite> <!-- com.ortusolis.registration.IPTDemo1LM -->
