<?xml version="1.0" encoding="UTF-8"?>
<!-- Generated by org.testng.reporters.JUnitReportReporter -->
<testsuite skipped="0" hostname="C365L0041447901" name="com.ortusolis.registration.IPTDemo1" tests="1" failures="0" timestamp="12 Jun 2018 09:15:30 GMT" time="136.306" errors="0">
  <testcase name="IPT_User_Demo" time="136.306" classname="com.ortusolis.registration.IPTDemo1"/>
</testsuite> <!-- com.ortusolis.registration.IPTDemo1 -->
