<?xml version="1.0" encoding="UTF-8"?>
<!-- Generated by org.testng.reporters.JUnitReportReporter -->
<testsuite skipped="0" hostname="C365L0041447901" name="com.ortusolis.registration.IPTUserLogin" tests="1" failures="0" timestamp="01 Jun 2018 10:12:31 GMT" time="82.469" errors="0">
  <testcase name="IPT_User_Login" time="82.469" classname="com.ortusolis.registration.IPTUserLogin"/>
</testsuite> <!-- com.ortusolis.registration.IPTUserLogin -->
