<?xml version="1.0" encoding="UTF-8"?>
<!-- Generated by org.testng.reporters.JUnitReportReporter -->
<testsuite skipped="0" hostname="C365L0041447901" name="com.ortusolis.registration.ForgotPassword" tests="1" failures="0" timestamp="23 May 2018 04:45:42 GMT" time="11.176" errors="0">
  <testcase name="IPT_User_Login" time="11.176" classname="com.ortusolis.registration.ForgotPassword"/>
</testsuite> <!-- com.ortusolis.registration.ForgotPassword -->
