<?xml version="1.0" encoding="UTF-8"?>
<!-- Generated by org.testng.reporters.JUnitReportReporter -->
<testsuite skipped="0" hostname="C365L0041447901" name="com.ortusolis.registration.RDLanding" tests="1" failures="0" timestamp="05 Jun 2018 10:37:40 GMT" time="9.955" errors="0">
  <testcase name="RD_SearchPage" time="9.955" classname="com.ortusolis.registration.RDLanding"/>
</testsuite> <!-- com.ortusolis.registration.RDLanding -->
