<?xml version="1.0" encoding="UTF-8"?>
<!-- Generated by org.testng.reporters.JUnitReportReporter -->
<testsuite skipped="0" hostname="C365L0041447901" name="com.ortusolis.registration.IPTDemo1LM" tests="1" failures="0" timestamp="02 Jul 2018 06:42:18 GMT" time="18.480" errors="0">
  <testcase name="IPT_User_Demo" time="18.480" classname="com.ortusolis.registration.IPTDemo1LM"/>
</testsuite> <!-- com.ortusolis.registration.IPTDemo1LM -->
