<?xml version="1.0" encoding="UTF-8"?>
<!-- Generated by org.testng.reporters.JUnitReportReporter -->
<testsuite skipped="0" hostname="C365L0041447901" name="com.ortusolis.registration.IPTUserLogin" tests="1" failures="0" timestamp="12 Jun 2018 11:06:12 GMT" time="78.818" errors="0">
  <testcase name="IPT_User_Login" time="78.818" classname="com.ortusolis.registration.IPTUserLogin"/>
</testsuite> <!-- com.ortusolis.registration.IPTUserLogin -->
