<?xml version="1.0" encoding="UTF-8"?>
<!-- Generated by org.testng.reporters.JUnitReportReporter -->
<testsuite skipped="0" hostname="C365L0041447901" name="com.ortusolis.registration.User_Login_Story" tests="1" failures="0" timestamp="18 May 2018 07:09:19 GMT" time="10.107" errors="0">
  <testcase name="CCA_001_Login_Gmail" time="10.107" classname="com.ortusolis.registration.User_Login_Story"/>
</testsuite> <!-- com.ortusolis.registration.User_Login_Story -->
