<?xml version="1.0" encoding="UTF-8"?>
<!-- Generated by org.testng.reporters.JUnitReportReporter -->
<testsuite skipped="0" hostname="C365L0052573060" name="com.ortusolis.registration.LMrqstAprvByAd" tests="1" failures="0" timestamp="13 Jun 2018 04:11:29 GMT" time="21.842" errors="0">
  <testcase name="LM_AdmnLog" time="21.842" classname="com.ortusolis.registration.LMrqstAprvByAd"/>
</testsuite> <!-- com.ortusolis.registration.LMrqstAprvByAd -->
