<?xml version="1.0" encoding="UTF-8"?>
<testsuite xmlns:xsi="http://www.w3.org/2001/XMLSchema-instance" xsi:noNamespaceSchemaLocation="https://maven.apache.org/surefire/maven-surefire-plugin/xsd/surefire-test-report.xsd" name="TestSuite" time="6.606" tests="10" errors="0" skipped="6" failures="4">
  <properties>
    <property name="sun.desktop" value="windows"/>
    <property name="awt.toolkit" value="sun.awt.windows.WToolkit"/>
    <property name="file.encoding.pkg" value="sun.io"/>
    <property name="java.specification.version" value="1.8"/>
    <property name="sun.cpu.isalist" value="amd64"/>
    <property name="sun.jnu.encoding" value="Cp1252"/>
    <property name="java.class.path" value="C:\Eclipse\Workspace_Eclipse\ortusolis_automation\target\test-classes;C:\Eclipse\Workspace_Eclipse\ortusolis_automation\target\classes;C:\Users\A575_a_SRRAMAK\.m2\repository\com\paulhammant\ngwebdriver\1.0\ngwebdriver-1.0.jar;C:\Users\A575_a_SRRAMAK\.m2\repository\org\seleniumhq\selenium\selenium-java\3.6.0\selenium-java-3.6.0.jar;C:\Users\A575_a_SRRAMAK\.m2\repository\org\seleniumhq\selenium\selenium-api\3.6.0\selenium-api-3.6.0.jar;C:\Users\A575_a_SRRAMAK\.m2\repository\org\seleniumhq\selenium\selenium-chrome-driver\3.6.0\selenium-chrome-driver-3.6.0.jar;C:\Users\A575_a_SRRAMAK\.m2\repository\org\seleniumhq\selenium\selenium-edge-driver\3.6.0\selenium-edge-driver-3.6.0.jar;C:\Users\A575_a_SRRAMAK\.m2\repository\org\seleniumhq\selenium\selenium-firefox-driver\3.6.0\selenium-firefox-driver-3.6.0.jar;C:\Users\A575_a_SRRAMAK\.m2\repository\org\seleniumhq\selenium\selenium-ie-driver\3.6.0\selenium-ie-driver-3.6.0.jar;C:\Users\A575_a_SRRAMAK\.m2\repository\org\seleniumhq\selenium\selenium-opera-driver\3.6.0\selenium-opera-driver-3.6.0.jar;C:\Users\A575_a_SRRAMAK\.m2\repository\org\seleniumhq\selenium\selenium-remote-driver\3.6.0\selenium-remote-driver-3.6.0.jar;C:\Users\A575_a_SRRAMAK\.m2\repository\org\seleniumhq\selenium\selenium-safari-driver\3.6.0\selenium-safari-driver-3.6.0.jar;C:\Users\A575_a_SRRAMAK\.m2\repository\org\seleniumhq\selenium\selenium-support\3.6.0\selenium-support-3.6.0.jar;C:\Users\A575_a_SRRAMAK\.m2\repository\net\bytebuddy\byte-buddy\1.7.5\byte-buddy-1.7.5.jar;C:\Users\A575_a_SRRAMAK\.m2\repository\org\apache\commons\commons-exec\1.3\commons-exec-1.3.jar;C:\Users\A575_a_SRRAMAK\.m2\repository\commons-codec\commons-codec\1.10\commons-codec-1.10.jar;C:\Users\A575_a_SRRAMAK\.m2\repository\commons-logging\commons-logging\1.2\commons-logging-1.2.jar;C:\Users\A575_a_SRRAMAK\.m2\repository\com\google\code\gson\gson\2.8.0\gson-2.8.0.jar;C:\Users\A575_a_SRRAMAK\.m2\repository\com\google\guava\guava\23.0\guava-23.0.jar;C:\Users\A575_a_SRRAMAK\.m2\repository\com\google\code\findbugs\jsr305\1.3.9\jsr305-1.3.9.jar;C:\Users\A575_a_SRRAMAK\.m2\repository\com\google\errorprone\error_prone_annotations\2.0.18\error_prone_annotations-2.0.18.jar;C:\Users\A575_a_SRRAMAK\.m2\repository\com\google\j2objc\j2objc-annotations\1.1\j2objc-annotations-1.1.jar;C:\Users\A575_a_SRRAMAK\.m2\repository\org\codehaus\mojo\animal-sniffer-annotations\1.14\animal-sniffer-annotations-1.14.jar;C:\Users\A575_a_SRRAMAK\.m2\repository\org\apache\httpcomponents\httpclient\4.5.3\httpclient-4.5.3.jar;C:\Users\A575_a_SRRAMAK\.m2\repository\org\apache\httpcomponents\httpcore\4.4.6\httpcore-4.4.6.jar;C:\Users\A575_a_SRRAMAK\.m2\repository\net\java\dev\jna\jna\4.1.0\jna-4.1.0.jar;C:\Users\A575_a_SRRAMAK\.m2\repository\net\java\dev\jna\jna-platform\4.1.0\jna-platform-4.1.0.jar;C:\Users\A575_a_SRRAMAK\.m2\repository\org\testng\testng\6.11\testng-6.11.jar;C:\Users\A575_a_SRRAMAK\.m2\repository\com\beust\jcommander\1.64\jcommander-1.64.jar;C:\Users\A575_a_SRRAMAK\.m2\repository\org\yaml\snakeyaml\1.17\snakeyaml-1.17.jar;C:\Users\A575_a_SRRAMAK\.m2\repository\org\apache\directory\studio\org.apache.commons.io\2.4\org.apache.commons.io-2.4.jar;C:\Users\A575_a_SRRAMAK\.m2\repository\commons-io\commons-io\2.4\commons-io-2.4.jar;C:\Users\A575_a_SRRAMAK\.m2\repository\org\json\json\20160810\json-20160810.jar;C:\Users\A575_a_SRRAMAK\.m2\repository\org\slf4j\slf4j-api\1.7.5\slf4j-api-1.7.5.jar;C:\Users\A575_a_SRRAMAK\.m2\repository\org\slf4j\slf4j-simple\1.8.0-alpha2\slf4j-simple-1.8.0-alpha2.jar;C:\Users\A575_a_SRRAMAK\.m2\repository\com\relevantcodes\extentreports\2.40.2\extentreports-2.40.2.jar;C:\Users\A575_a_SRRAMAK\.m2\repository\org\jsoup\jsoup\1.8.3\jsoup-1.8.3.jar;C:\Users\A575_a_SRRAMAK\.m2\repository\org\xerial\sqlite-jdbc\3.8.11.1\sqlite-jdbc-3.8.11.1.jar;C:\Users\A575_a_SRRAMAK\.m2\repository\org\freemarker\freemarker\2.3.23\freemarker-2.3.23.jar;C:\Users\A575_a_SRRAMAK\.m2\repository\org\apache\maven\surefire\surefire-testng-utils\2.20.1\surefire-testng-utils-2.20.1.jar;C:\Users\A575_a_SRRAMAK\.m2\repository\org\apache\maven\surefire\surefire-grouper\2.20.1\surefire-grouper-2.20.1.jar;"/>
    <property name="java.vm.vendor" value="Oracle Corporation"/>
    <property name="sun.arch.data.model" value="64"/>
    <property name="user.variant" value=""/>
    <property name="java.vendor.url" value="http://java.oracle.com/"/>
    <property name="user.timezone" value=""/>
    <property name="java.vm.specification.version" value="1.8"/>
    <property name="os.name" value="Windows 7"/>
    <property name="user.country" value="US"/>
    <property name="sun.java.launcher" value="SUN_STANDARD"/>
    <property name="sun.boot.library.path" value="C:\Program Files\Java\jre1.8.0_101\bin"/>
    <property name="sun.java.command" value="C:\Users\A575_A~1\AppData\Local\Temp\surefire4508525258172154334\surefirebooter2988782958328450000.jar C:\Users\A575_a_SRRAMAK\AppData\Local\Temp\surefire4508525258172154334 2018-05-14T11-36-59_342-jvmRun1 surefire4393118936123212978tmp surefire_06724886734542888543tmp"/>
    <property name="surefire.test.class.path" value="C:\Eclipse\Workspace_Eclipse\ortusolis_automation\target\test-classes;C:\Eclipse\Workspace_Eclipse\ortusolis_automation\target\classes;C:\Users\A575_a_SRRAMAK\.m2\repository\com\paulhammant\ngwebdriver\1.0\ngwebdriver-1.0.jar;C:\Users\A575_a_SRRAMAK\.m2\repository\org\seleniumhq\selenium\selenium-java\3.6.0\selenium-java-3.6.0.jar;C:\Users\A575_a_SRRAMAK\.m2\repository\org\seleniumhq\selenium\selenium-api\3.6.0\selenium-api-3.6.0.jar;C:\Users\A575_a_SRRAMAK\.m2\repository\org\seleniumhq\selenium\selenium-chrome-driver\3.6.0\selenium-chrome-driver-3.6.0.jar;C:\Users\A575_a_SRRAMAK\.m2\repository\org\seleniumhq\selenium\selenium-edge-driver\3.6.0\selenium-edge-driver-3.6.0.jar;C:\Users\A575_a_SRRAMAK\.m2\repository\org\seleniumhq\selenium\selenium-firefox-driver\3.6.0\selenium-firefox-driver-3.6.0.jar;C:\Users\A575_a_SRRAMAK\.m2\repository\org\seleniumhq\selenium\selenium-ie-driver\3.6.0\selenium-ie-driver-3.6.0.jar;C:\Users\A575_a_SRRAMAK\.m2\repository\org\seleniumhq\selenium\selenium-opera-driver\3.6.0\selenium-opera-driver-3.6.0.jar;C:\Users\A575_a_SRRAMAK\.m2\repository\org\seleniumhq\selenium\selenium-remote-driver\3.6.0\selenium-remote-driver-3.6.0.jar;C:\Users\A575_a_SRRAMAK\.m2\repository\org\seleniumhq\selenium\selenium-safari-driver\3.6.0\selenium-safari-driver-3.6.0.jar;C:\Users\A575_a_SRRAMAK\.m2\repository\org\seleniumhq\selenium\selenium-support\3.6.0\selenium-support-3.6.0.jar;C:\Users\A575_a_SRRAMAK\.m2\repository\net\bytebuddy\byte-buddy\1.7.5\byte-buddy-1.7.5.jar;C:\Users\A575_a_SRRAMAK\.m2\repository\org\apache\commons\commons-exec\1.3\commons-exec-1.3.jar;C:\Users\A575_a_SRRAMAK\.m2\repository\commons-codec\commons-codec\1.10\commons-codec-1.10.jar;C:\Users\A575_a_SRRAMAK\.m2\repository\commons-logging\commons-logging\1.2\commons-logging-1.2.jar;C:\Users\A575_a_SRRAMAK\.m2\repository\com\google\code\gson\gson\2.8.0\gson-2.8.0.jar;C:\Users\A575_a_SRRAMAK\.m2\repository\com\google\guava\guava\23.0\guava-23.0.jar;C:\Users\A575_a_SRRAMAK\.m2\repository\com\google\code\findbugs\jsr305\1.3.9\jsr305-1.3.9.jar;C:\Users\A575_a_SRRAMAK\.m2\repository\com\google\errorprone\error_prone_annotations\2.0.18\error_prone_annotations-2.0.18.jar;C:\Users\A575_a_SRRAMAK\.m2\repository\com\google\j2objc\j2objc-annotations\1.1\j2objc-annotations-1.1.jar;C:\Users\A575_a_SRRAMAK\.m2\repository\org\codehaus\mojo\animal-sniffer-annotations\1.14\animal-sniffer-annotations-1.14.jar;C:\Users\A575_a_SRRAMAK\.m2\repository\org\apache\httpcomponents\httpclient\4.5.3\httpclient-4.5.3.jar;C:\Users\A575_a_SRRAMAK\.m2\repository\org\apache\httpcomponents\httpcore\4.4.6\httpcore-4.4.6.jar;C:\Users\A575_a_SRRAMAK\.m2\repository\net\java\dev\jna\jna\4.1.0\jna-4.1.0.jar;C:\Users\A575_a_SRRAMAK\.m2\repository\net\java\dev\jna\jna-platform\4.1.0\jna-platform-4.1.0.jar;C:\Users\A575_a_SRRAMAK\.m2\repository\org\testng\testng\6.11\testng-6.11.jar;C:\Users\A575_a_SRRAMAK\.m2\repository\com\beust\jcommander\1.64\jcommander-1.64.jar;C:\Users\A575_a_SRRAMAK\.m2\repository\org\yaml\snakeyaml\1.17\snakeyaml-1.17.jar;C:\Users\A575_a_SRRAMAK\.m2\repository\org\apache\directory\studio\org.apache.commons.io\2.4\org.apache.commons.io-2.4.jar;C:\Users\A575_a_SRRAMAK\.m2\repository\commons-io\commons-io\2.4\commons-io-2.4.jar;C:\Users\A575_a_SRRAMAK\.m2\repository\org\json\json\20160810\json-20160810.jar;C:\Users\A575_a_SRRAMAK\.m2\repository\org\slf4j\slf4j-api\1.7.5\slf4j-api-1.7.5.jar;C:\Users\A575_a_SRRAMAK\.m2\repository\org\slf4j\slf4j-simple\1.8.0-alpha2\slf4j-simple-1.8.0-alpha2.jar;C:\Users\A575_a_SRRAMAK\.m2\repository\com\relevantcodes\extentreports\2.40.2\extentreports-2.40.2.jar;C:\Users\A575_a_SRRAMAK\.m2\repository\org\jsoup\jsoup\1.8.3\jsoup-1.8.3.jar;C:\Users\A575_a_SRRAMAK\.m2\repository\org\xerial\sqlite-jdbc\3.8.11.1\sqlite-jdbc-3.8.11.1.jar;C:\Users\A575_a_SRRAMAK\.m2\repository\org\freemarker\freemarker\2.3.23\freemarker-2.3.23.jar;C:\Users\A575_a_SRRAMAK\.m2\repository\org\apache\maven\surefire\surefire-testng-utils\2.20.1\surefire-testng-utils-2.20.1.jar;C:\Users\A575_a_SRRAMAK\.m2\repository\org\apache\maven\surefire\surefire-grouper\2.20.1\surefire-grouper-2.20.1.jar;"/>
    <property name="sun.cpu.endian" value="little"/>
    <property name="user.home" value="C:\Users\A575_a_SRRAMAK"/>
    <property name="user.language" value="en"/>
    <property name="java.specification.vendor" value="Oracle Corporation"/>
    <property name="java.home" value="C:\Program Files\Java\jre1.8.0_101"/>
    <property name="basedir" value="C:\Eclipse\Workspace_Eclipse\ortusolis_automation"/>
    <property name="file.separator" value="\"/>
    <property name="line.separator" value="&#10;"/>
    <property name="java.vm.specification.vendor" value="Oracle Corporation"/>
    <property name="java.specification.name" value="Java Platform API Specification"/>
    <property name="java.awt.graphicsenv" value="sun.awt.Win32GraphicsEnvironment"/>
    <property name="surefire.real.class.path" value="C:\Users\A575_A~1\AppData\Local\Temp\surefire4508525258172154334\surefirebooter2988782958328450000.jar"/>
    <property name="sun.boot.class.path" value="C:\Program Files\Java\jre1.8.0_101\lib\resources.jar;C:\Program Files\Java\jre1.8.0_101\lib\rt.jar;C:\Program Files\Java\jre1.8.0_101\lib\sunrsasign.jar;C:\Program Files\Java\jre1.8.0_101\lib\jsse.jar;C:\Program Files\Java\jre1.8.0_101\lib\jce.jar;C:\Program Files\Java\jre1.8.0_101\lib\charsets.jar;C:\Program Files\Java\jre1.8.0_101\lib\jfr.jar;C:\Program Files\Java\jre1.8.0_101\classes"/>
    <property name="user.script" value=""/>
    <property name="sun.management.compiler" value="HotSpot 64-Bit Tiered Compilers"/>
    <property name="java.runtime.version" value="1.8.0_101-b13"/>
    <property name="user.name" value="A575_a_SRRAMAK"/>
    <property name="path.separator" value=";"/>
    <property name="os.version" value="6.1"/>
    <property name="java.endorsed.dirs" value="C:\Program Files\Java\jre1.8.0_101\lib\endorsed"/>
    <property name="java.runtime.name" value="Java(TM) SE Runtime Environment"/>
    <property name="file.encoding" value="Cp1252"/>
    <property name="java.vm.name" value="Java HotSpot(TM) 64-Bit Server VM"/>
    <property name="localRepository" value="C:\Users\A575_a_SRRAMAK\.m2\repository"/>
    <property name="java.vendor.url.bug" value="http://bugreport.sun.com/bugreport/"/>
    <property name="java.io.tmpdir" value="C:\Users\A575_A~1\AppData\Local\Temp\"/>
    <property name="java.version" value="1.8.0_101"/>
    <property name="user.dir" value="C:\Eclipse\Workspace_Eclipse\ortusolis_automation"/>
    <property name="os.arch" value="amd64"/>
    <property name="java.vm.specification.name" value="Java Virtual Machine Specification"/>
    <property name="java.awt.printerjob" value="sun.awt.windows.WPrinterJob"/>
    <property name="sun.os.patch.level" value="Service Pack 1"/>
    <property name="java.library.path" value="C:\Program Files\Java\jre1.8.0_101\bin;C:\Windows\Sun\Java\bin;C:\Windows\system32;C:\Windows;C:/Program Files/Java/jre1.8.0_101/bin/server;C:/Program Files/Java/jre1.8.0_101/bin;C:/Program Files/Java/jre1.8.0_101/lib/amd64;C:\ProgramData\Oracle\Java\javapath;C:\Windows\system32;C:\Windows;C:\Windows\System32\Wbem;C:\Windows\System32\WindowsPowerShell\v1.0\;C:\Program Files (x86)\DC VB Extended Components\S00;C:\Windows\System32\WindowsPowerShell\v1.0\;C:\Windows\System32\WindowsPowerShell\v1.0\;C:\Windows\System32\WindowsPowerShell\v1.0\;C:\Eclipse\eclipse;;."/>
    <property name="java.vm.info" value="mixed mode"/>
    <property name="java.vendor" value="Oracle Corporation"/>
    <property name="java.vm.version" value="25.101-b13"/>
    <property name="java.ext.dirs" value="C:\Program Files\Java\jre1.8.0_101\lib\ext;C:\Windows\Sun\Java\lib\ext"/>
    <property name="sun.io.unicode.encoding" value="UnicodeLittle"/>
    <property name="java.class.version" value="52.0"/>
  </properties>
  <testcase name="getURLSettingEnvironment" classname="com.ortusolis.registration.CCA_003" time="5.701">
    <failure message="JSONObject[&quot;Registration_coldStone&quot;] not found." type="org.json.JSONException">org.json.JSONException: JSONObject["Registration_coldStone"] not found.
	at com.ortusolis.registration.CCA_003.getURLSettingEnvironment(CCA_003.java:25)
</failure>
    <system-err><![CDATA[[main] INFO CommonUtilities - C:\Eclipse\Workspace_Eclipse\ortusolis_automation/src/config/config.json
[main] INFO CommonUtilities - C:\Eclipse\Workspace_Eclipse\ortusolis_automation/src/dataValidation/dataValidation.json
[main] INFO CCA_004 - chrome
Starting ChromeDriver 2.38.552522 (437e6fbedfa8762dec75e2c5b3ddb86763dc9dcb) on port 22489
Only local connections are allowed.
May 14, 2018 11:37:06 AM org.openqa.selenium.remote.ProtocolHandshake createSession
INFO: Detected dialect: OSS
]]></system-err>
  </testcase>
  <testcase name="getURLSettingEnvironment" classname="com.ortusolis.registration.CCA_003" time="5.75">
    <failure message="JSONObject[&quot;Registration_blimpie&quot;] not found." type="org.json.JSONException">org.json.JSONException: JSONObject["Registration_blimpie"] not found.
	at com.ortusolis.registration.CCA_003.getURLSettingEnvironment(CCA_003.java:25)
</failure>
  </testcase>
  <testcase name="getURLSettingEnvironment" classname="com.ortusolis.registration.CCA_003" time="5.76">
    <failure message="JSONObject[&quot;Registration_jamesconey&quot;] not found." type="org.json.JSONException">org.json.JSONException: JSONObject["Registration_jamesconey"] not found.
	at com.ortusolis.registration.CCA_003.getURLSettingEnvironment(CCA_003.java:25)
</failure>
  </testcase>
  <testcase name="CCA_003_Registration_On_AllPages" classname="com.ortusolis.registration.CCA_003" time="0">
    <skipped message="JSONObject[&quot;Registration_coldStone&quot;] not found."/>
  </testcase>
  <testcase name="CCA_003_Registration_On_AllPages" classname="com.ortusolis.registration.CCA_003" time="0">
    <skipped message="JSONObject[&quot;Registration_blimpie&quot;] not found."/>
  </testcase>
  <testcase name="CCA_003_Registration_On_AllPages" classname="com.ortusolis.registration.CCA_003" time="0">
    <skipped message="JSONObject[&quot;Registration_jamesconey&quot;] not found."/>
  </testcase>
  <testcase name="getURLSettingEnvironment" classname="com.ortusolis.registration.CCA_004" time="5.773">
    <failure message="JSONObject[&quot;Registration_coldStone&quot;] not found." type="org.json.JSONException">org.json.JSONException: JSONObject["Registration_coldStone"] not found.
	at com.ortusolis.registration.CCA_004.getURLSettingEnvironment(CCA_004.java:28)
</failure>
  </testcase>
  <testcase name="CCA_004_emailErrorValidation" classname="com.ortusolis.registration.CCA_004" time="0">
    <skipped message="JSONObject[&quot;Registration_coldStone&quot;] not found."/>
  </testcase>
  <testcase name="CCA_004_phoneNumberErrorValidation" classname="com.ortusolis.registration.CCA_004" time="0">
    <skipped message="JSONObject[&quot;Registration_coldStone&quot;] not found."/>
  </testcase>
  <testcase name="tearDown" classname="com.ortusolis.registration.CCA_004" time="0">
    <skipped/>
  </testcase>
</testsuite>